[1002/171523.807:ERROR:process_reader_win.cc(182)] ResumeThread: The parameter is incorrect. (0x57)
[1002/171524.101:ERROR:process_reader_win.cc(151)] SuspendThread: Access is denied. (0x5)
[1002/171524.101:ERROR:process_reader_win.cc(151)] SuspendThread: Access is denied. (0x5)
[1002/171524.101:ERROR:process_reader_win.cc(151)] SuspendThread: Access is denied. (0x5)
[1002/171524.101:ERROR:process_reader_win.cc(151)] SuspendThread: Access is denied. (0x5)
[1002/171525.104:ERROR:process_memory_win.cc(73)] ReadMemory at 0x7ff613130000 of 64 bytes failed: Only part of a ReadProcessMemory or WriteProcessMemory request was completed. (0x12B)
[1002/171525.104:WARNING:pe_image_reader.cc(340)] could not read dos header from C:\Program Files (x86)\Google\Chrome\Application\chrome.exe
[1002/171525.109:ERROR:process_memory_win.cc(73)] ReadMemory at 0x7ffad0a20000 of 64 bytes failed: Only part of a ReadProcessMemory or WriteProcessMemory request was completed. (0x12B)
[1002/171525.109:WARNING:pe_image_reader.cc(340)] could not read dos header from C:\WINDOWS\SYSTEM32\ntdll.dll
[1002/171525.109:ERROR:process_memory_win.cc(73)] ReadMemory at 0x7ffacf880000 of 64 bytes failed: Only part of a ReadProcessMemory or WriteProcessMemory request was completed. (0x12B)
[1002/171525.111:WARNING:pe_image_reader.cc(340)] could not read dos header from C:\WINDOWS\System32\KERNEL32.DLL
[1002/171525.111:ERROR:process_memory_win.cc(73)] ReadMemory at 0x7fface2f0000 of 64 bytes failed: Only part of a ReadProcessMemory or WriteProcessMemory request was completed. (0x12B)
[1002/171525.111:WARNING:pe_image_reader.cc(340)] could not read dos header from C:\WINDOWS\System32\KERNELBASE.dll
[1002/171525.111:ERROR:process_memory_win.cc(73)] ReadMemory at 0x7ffaa9780000 of 64 bytes failed: Only part of a ReadProcessMemory or WriteProcessMemory request was completed. (0x12B)
[1002/171525.111:WARNING:pe_image_reader.cc(340)] could not read dos header from C:\Program Files (x86)\Google\Chrome\Application\81.0.4044.138\chrome_elf.dll
[1002/171525.111:ERROR:process_memory_win.cc(73)] ReadMemory at 0x7ffac2e20000 of 64 bytes failed: Only part of a ReadProcessMemory or WriteProcessMemory request was completed. (0x12B)
[1002/171525.111:WARNING:pe_image_reader.cc(340)] could not read dos header from C:\WINDOWS\SYSTEM32\VERSION.dll
[1002/171525.111:ERROR:process_memory_win.cc(73)] ReadMemory at 0x7ffad0770000 of 64 bytes failed: Only part of a ReadProcessMemory or WriteProcessMemory request was completed. (0x12B)
[1002/171525.111:WARNING:pe_image_reader.cc(340)] could not read dos header from C:\WINDOWS\System32\msvcrt.dll
[1002/171525.111:ERROR:process_memory_win.cc(73)] ReadMemory at 0x7ffacda10000 of 64 bytes failed: Only part of a ReadProcessMemory or WriteProcessMemory request was completed. (0x12B)
[1002/171525.111:WARNING:pe_image_reader.cc(340)] could not read dos header from C:\WINDOWS\System32\bcryptPrimitives.dll
[1002/171525.112:ERROR:process_memory_win.cc(73)] ReadMemory at 0x7ffacfd40000 of 64 bytes failed: Only part of a ReadProcessMemory or WriteProcessMemory request was completed. (0x12B)
[1002/171525.112:WARNING:pe_image_reader.cc(340)] could not read dos header from C:\WINDOWS\System32\ADVAPI32.dll
[1002/171525.112:ERROR:process_memory_win.cc(73)] ReadMemory at 0x7ffacf960000 of 64 bytes failed: Only part of a ReadProcessMemory or WriteProcessMemory request was completed. (0x12B)
[1002/171525.112:WARNING:pe_image_reader.cc(340)] could not read dos header from C:\WINDOWS\System32\sechost.dll
[1002/171525.112:ERROR:process_memory_win.cc(73)] ReadMemory at 0x7ffad05d0000 of 64 bytes failed: Only part of a ReadProcessMemory or WriteProcessMemory request was completed. (0x12B)
[1002/171525.112:WARNING:pe_image_reader.cc(340)] could not read dos header from C:\WINDOWS\System32\RPCRT4.dll
[1002/171525.112:ERROR:process_memory_win.cc(73)] ReadMemory at 0x7ffa9b380000 of 64 bytes failed: Only part of a ReadProcessMemory or WriteProcessMemory request was completed. (0x12B)
[1002/171525.112:WARNING:pe_image_reader.cc(340)] could not read dos header from C:\Program Files (x86)\Google\Chrome\Application\81.0.4044.138\chrome.dll
[1002/171525.112:ERROR:process_memory_win.cc(73)] ReadMemory at 0x7ffacfe60000 of 64 bytes failed: Only part of a ReadProcessMemory or WriteProcessMemory request was completed. (0x12B)
[1002/171525.112:WARNING:pe_image_reader.cc(340)] could not read dos header from C:\WINDOWS\System32\WS2_32.dll
[1002/171525.113:ERROR:process_memory_win.cc(73)] ReadMemory at 0x7ffad0500000 of 64 bytes failed: Only part of a ReadProcessMemory or WriteProcessMemory request was completed. (0x12B)
[1002/171525.113:WARNING:pe_image_reader.cc(340)] could not read dos header from C:\WINDOWS\System32\OLEAUT32.dll
[1002/171525.113:ERROR:process_memory_win.cc(73)] ReadMemory at 0x7fface810000 of 64 bytes failed: Only part of a ReadProcessMemory or WriteProcessMemory request was completed. (0x12B)
[1002/171525.113:WARNING:pe_image_reader.cc(340)] could not read dos header from C:\WINDOWS\System32\msvcp_win.dll
[1002/171525.113:ERROR:process_memory_win.cc(73)] ReadMemory at 0x7fface710000 of 64 bytes failed: Only part of a ReadProcessMemory or WriteProcessMemory request was completed. (0x12B)
[1002/171525.113:WARNING:pe_image_reader.cc(340)] could not read dos header from C:\WINDOWS\System32\ucrtbase.dll
[1002/171525.113:ERROR:process_memory_win.cc(73)] ReadMemory at 0x7ffacfa00000 of 64 bytes failed: Only part of a ReadProcessMemory or WriteProcessMemory request was completed. (0x12B)
[1002/171525.113:WARNING:pe_image_reader.cc(340)] could not read dos header from C:\WINDOWS\System32\combase.dll
[1002/171525.113:ERROR:process_memory_win.cc(73)] ReadMemory at 0x7ffacd9b0000 of 64 bytes failed: Only part of a ReadProcessMemory or WriteProcessMemory request was completed. (0x12B)
[1002/171525.113:WARNING:pe_image_reader.cc(340)] could not read dos header from C:\WINDOWS\System32\WINTRUST.dll
[1002/171525.113:ERROR:process_memory_win.cc(73)] ReadMemory at 0x7ffacd910000 of 64 bytes failed: Only part of a ReadProcessMemory or WriteProcessMemory request was completed. (0x12B)
[1002/171525.113:WARNING:pe_image_reader.cc(340)] could not read dos header from C:\WINDOWS\System32\MSASN1.dll
[1002/171525.114:ERROR:process_memory_win.cc(73)] ReadMemory at 0x7fface5c0000 of 64 bytes failed: Only part of a ReadProcessMemory or WriteProcessMemory request was completed. (0x12B)
[1002/171525.114:WARNING:pe_image_reader.cc(340)] could not read dos header from C:\WINDOWS\System32\CRYPT32.dll
[1002/171525.114:ERROR:process_memory_win.cc(73)] ReadMemory at 0x7ffacce00000 of 64 bytes failed: Only part of a ReadProcessMemory or WriteProcessMemory request was completed. (0x12B)
[1002/171525.114:WARNING:pe_image_reader.cc(340)] could not read dos header from C:\WINDOWS\SYSTEM32\IPHLPAPI.DLL
[1002/171525.114:ERROR:process_memory_win.cc(73)] ReadMemory at 0x7ffac3ff0000 of 64 bytes failed: Only part of a ReadProcessMemory or WriteProcessMemory request was completed. (0x12B)
[1002/171525.114:WARNING:pe_image_reader.cc(340)] could not read dos header from C:\WINDOWS\SYSTEM32\WINMM.dll
[1002/171525.114:ERROR:process_memory_win.cc(73)] ReadMemory at 0x7ffabf590000 of 64 bytes failed: Only part of a ReadProcessMemory or WriteProcessMemory request was completed. (0x12B)
[1002/171525.114:WARNING:pe_image_reader.cc(340)] could not read dos header from C:\WINDOWS\SYSTEM32\Secur32.dll
[1002/171525.114:ERROR:process_memory_win.cc(73)] ReadMemory at 0x7ffacd7d0000 of 64 bytes failed: Only part of a ReadProcessMemory or WriteProcessMemory request was completed. (0x12B)
[1002/171525.114:WARNING:pe_image_reader.cc(340)] could not read dos header from C:\WINDOWS\SYSTEM32\USERENV.dll
[1002/171525.114:ERROR:process_memory_win.cc(73)] ReadMemory at 0x7ffacd980000 of 64 bytes failed: Only part of a ReadProcessMemory or WriteProcessMemory request was completed. (0x12B)
[1002/171525.114:WARNING:pe_image_reader.cc(340)] could not read dos header from C:\WINDOWS\System32\profapi.dll
[1002/171525.115:ERROR:process_memory_win.cc(73)] ReadMemory at 0x7ffaac2b0000 of 64 bytes failed: Only part of a ReadProcessMemory or WriteProcessMemory request was completed. (0x12B)
[1002/171525.115:WARNING:pe_image_reader.cc(340)] could not read dos header from C:\WINDOWS\SYSTEM32\UIAutomationCore.DLL
[1002/171525.115:ERROR:process_memory_win.cc(73)] ReadMemory at 0x7ffac18c0000 of 64 bytes failed: Only part of a ReadProcessMemory or WriteProcessMemory request was completed. (0x12B)
[1002/171525.115:WARNING:pe_image_reader.cc(340)] could not read dos header from C:\WINDOWS\SYSTEM32\DWrite.dll
[1002/171525.115:ERROR:process_memory_win.cc(73)] ReadMemory at 0x7ffac13e0000 of 64 bytes failed: Only part of a ReadProcessMemory or WriteProcessMemory request was completed. (0x12B)
[1002/171525.116:WARNING:pe_image_reader.cc(340)] could not read dos header from C:\WINDOWS\SYSTEM32\WINSPOOL.DRV
[1002/171525.116:ERROR:process_memory_win.cc(73)] ReadMemory at 0x7ffacd8f0000 of 64 bytes failed: Only part of a ReadProcessMemory or WriteProcessMemory request was completed. (0x12B)
[1002/171525.116:WARNING:pe_image_reader.cc(340)] could not read dos header from C:\WINDOWS\System32\kernel.appcore.dll
[1002/171525.117:ERROR:process_memory_win.cc(73)] ReadMemory at 0x7ffacda90000 of 64 bytes failed: Only part of a ReadProcessMemory or WriteProcessMemory request was completed. (0x12B)
[1002/171525.117:WARNING:pe_image_reader.cc(340)] could not read dos header from C:\WINDOWS\System32\bcrypt.dll
[1002/171525.118:ERROR:process_memory_win.cc(73)] ReadMemory at 0x7ffacc070000 of 64 bytes failed: Only part of a ReadProcessMemory or WriteProcessMemory request was completed. (0x12B)
[1002/171525.118:WARNING:pe_image_reader.cc(340)] could not read dos header from C:\WINDOWS\SYSTEM32\dbghelp.dll
[1002/171525.118:ERROR:process_memory_win.cc(73)] ReadMemory at 0x7ffac6420000 of 64 bytes failed: Only part of a ReadProcessMemory or WriteProcessMemory request was completed. (0x12B)
[1002/171525.118:WARNING:pe_image_reader.cc(340)] could not read dos header from C:\WINDOWS\SYSTEM32\WINHTTP.dll
[1002/171525.118:ERROR:process_memory_win.cc(73)] ReadMemory at 0x7ffac5d70000 of 64 bytes failed: Only part of a ReadProcessMemory or WriteProcessMemory request was completed. (0x12B)
[1002/171525.118:WARNING:pe_image_reader.cc(340)] could not read dos header from C:\WINDOWS\SYSTEM32\dhcpcsvc.DLL
[1002/171525.118:ERROR:process_memory_win.cc(73)] ReadMemory at 0x7ffad0810000 of 64 bytes failed: Only part of a ReadProcessMemory or WriteProcessMemory request was completed. (0x12B)
[1002/171525.118:WARNING:pe_image_reader.cc(340)] could not read dos header from C:\WINDOWS\System32\NSI.dll
[1002/171525.118:ERROR:process_memory_win.cc(73)] ReadMemory at 0x7ffac3fc0000 of 64 bytes failed: Only part of a ReadProcessMemory or WriteProcessMemory request was completed. (0x12B)
[1002/171525.118:WARNING:pe_image_reader.cc(340)] could not read dos header from C:\WINDOWS\SYSTEM32\WINMMBASE.dll
[1002/171525.119:ERROR:process_memory_win.cc(73)] ReadMemory at 0x7ffacea80000 of 64 bytes failed: Only part of a ReadProcessMemory or WriteProcessMemory request was completed. (0x12B)
[1002/171525.119:WARNING:pe_image_reader.cc(340)] could not read dos header from C:\WINDOWS\System32\cfgmgr32.dll
[1002/171525.119:ERROR:process_memory_win.cc(73)] ReadMemory at 0x7ffac9e60000 of 64 bytes failed: Only part of a ReadProcessMemory or WriteProcessMemory request was completed. (0x12B)
[1002/171525.119:WARNING:pe_image_reader.cc(340)] could not read dos header from C:\WINDOWS\SYSTEM32\PROPSYS.dll
[1002/171525.119:ERROR:process_memory_win.cc(73)] ReadMemory at 0x7ffad0880000 of 64 bytes failed: Only part of a ReadProcessMemory or WriteProcessMemory request was completed. (0x12B)
[1002/171525.119:WARNING:pe_image_reader.cc(340)] could not read dos header from C:\WINDOWS\System32\shcore.dll
[1002/171525.119:ERROR:process_memory_win.cc(73)] ReadMemory at 0x7ffacd800000 of 64 bytes failed: Only part of a ReadProcessMemory or WriteProcessMemory request was completed. (0x12B)
[1002/171525.120:WARNING:pe_image_reader.cc(340)] could not read dos header from C:\WINDOWS\SYSTEM32\SSPICLI.DLL
[1002/171525.120:ERROR:process_memory_win.cc(73)] ReadMemory at 0x7ffacd2c0000 of 64 bytes failed: Only part of a ReadProcessMemory or WriteProcessMemory request was completed. (0x12B)
[1002/171525.120:WARNING:pe_image_reader.cc(340)] could not read dos header from C:\WINDOWS\SYSTEM32\CRYPTBASE.DLL
[1002/171525.149:ERROR:process_memory_win.cc(73)] ReadMemory at 0x7ff613130000 of 64 bytes failed: Only part of a ReadProcessMemory or WriteProcessMemory request was completed. (0x12B)
[1002/171525.149:WARNING:pe_image_reader.cc(340)] could not read dos header from C:\Program Files (x86)\Google\Chrome\Application\chrome.exe
[1002/171525.149:ERROR:process_memory_win.cc(73)] ReadMemory at 0x7ffad0a20000 of 64 bytes failed: Only part of a ReadProcessMemory or WriteProcessMemory request was completed. (0x12B)
[1002/171525.149:WARNING:pe_image_reader.cc(340)] could not read dos header from C:\WINDOWS\SYSTEM32\ntdll.dll
[1002/171525.149:ERROR:process_memory_win.cc(73)] ReadMemory at 0x7ffacf880000 of 64 bytes failed: Only part of a ReadProcessMemory or WriteProcessMemory request was completed. (0x12B)
[1002/171525.149:WARNING:pe_image_reader.cc(340)] could not read dos header from C:\WINDOWS\System32\KERNEL32.DLL
[1002/171525.149:ERROR:process_memory_win.cc(73)] ReadMemory at 0x7fface2f0000 of 64 bytes failed: Only part of a ReadProcessMemory or WriteProcessMemory request was completed. (0x12B)
[1002/171525.149:WARNING:pe_image_reader.cc(340)] could not read dos header from C:\WINDOWS\System32\KERNELBASE.dll
[1002/171525.149:ERROR:process_memory_win.cc(73)] ReadMemory at 0x7ffaa9780000 of 64 bytes failed: Only part of a ReadProcessMemory or WriteProcessMemory request was completed. (0x12B)
[1002/171525.149:WARNING:pe_image_reader.cc(340)] could not read dos header from C:\Program Files (x86)\Google\Chrome\Application\81.0.4044.138\chrome_elf.dll
[1002/171525.149:ERROR:process_memory_win.cc(73)] ReadMemory at 0x7ffac2e20000 of 64 bytes failed: Only part of a ReadProcessMemory or WriteProcessMemory request was completed. (0x12B)
[1002/171525.150:WARNING:pe_image_reader.cc(340)] could not read dos header from C:\WINDOWS\SYSTEM32\VERSION.dll
[1002/171525.150:ERROR:process_memory_win.cc(73)] ReadMemory at 0x7ffad0770000 of 64 bytes failed: Only part of a ReadProcessMemory or WriteProcessMemory request was completed. (0x12B)
[1002/171525.150:WARNING:pe_image_reader.cc(340)] could not read dos header from C:\WINDOWS\System32\msvcrt.dll
[1002/171525.150:ERROR:process_memory_win.cc(73)] ReadMemory at 0x7ffacda10000 of 64 bytes failed: Only part of a ReadProcessMemory or WriteProcessMemory request was completed. (0x12B)
[1002/171525.150:WARNING:pe_image_reader.cc(340)] could not read dos header from C:\WINDOWS\System32\bcryptPrimitives.dll
[1002/171525.150:ERROR:process_memory_win.cc(73)] ReadMemory at 0x7ffacfd40000 of 64 bytes failed: Only part of a ReadProcessMemory or WriteProcessMemory request was completed. (0x12B)
[1002/171525.150:WARNING:pe_image_reader.cc(340)] could not read dos header from C:\WINDOWS\System32\ADVAPI32.dll
[1002/171525.150:ERROR:process_memory_win.cc(73)] ReadMemory at 0x7ffacf960000 of 64 bytes failed: Only part of a ReadProcessMemory or WriteProcessMemory request was completed. (0x12B)
[1002/171525.150:WARNING:pe_image_reader.cc(340)] could not read dos header from C:\WINDOWS\System32\sechost.dll
[1002/171525.150:ERROR:process_memory_win.cc(73)] ReadMemory at 0x7ffad05d0000 of 64 bytes failed: Only part of a ReadProcessMemory or WriteProcessMemory request was completed. (0x12B)
[1002/171525.150:WARNING:pe_image_reader.cc(340)] could not read dos header from C:\WINDOWS\System32\RPCRT4.dll
[1002/171525.151:ERROR:process_memory_win.cc(73)] ReadMemory at 0x7ffa9b380000 of 64 bytes failed: Only part of a ReadProcessMemory or WriteProcessMemory request was completed. (0x12B)
[1002/171525.151:WARNING:pe_image_reader.cc(340)] could not read dos header from C:\Program Files (x86)\Google\Chrome\Application\81.0.4044.138\chrome.dll
[1002/171525.152:ERROR:process_memory_win.cc(73)] ReadMemory at 0x7ffacfe60000 of 64 bytes failed: Only part of a ReadProcessMemory or WriteProcessMemory request was completed. (0x12B)
[1002/171525.152:WARNING:pe_image_reader.cc(340)] could not read dos header from C:\WINDOWS\System32\WS2_32.dll
[1002/171525.152:ERROR:process_memory_win.cc(73)] ReadMemory at 0x7ffad0500000 of 64 bytes failed: Only part of a ReadProcessMemory or WriteProcessMemory request was completed. (0x12B)
[1002/171525.152:WARNING:pe_image_reader.cc(340)] could not read dos header from C:\WINDOWS\System32\OLEAUT32.dll
[1002/171525.152:ERROR:process_memory_win.cc(73)] ReadMemory at 0x7fface810000 of 64 bytes failed: Only part of a ReadProcessMemory or WriteProcessMemory request was completed. (0x12B)
[1002/171525.152:WARNING:pe_image_reader.cc(340)] could not read dos header from C:\WINDOWS\System32\msvcp_win.dll
[1002/171525.152:ERROR:process_memory_win.cc(73)] ReadMemory at 0x7fface710000 of 64 bytes failed: Only part of a ReadProcessMemory or WriteProcessMemory request was completed. (0x12B)
[1002/171525.152:WARNING:pe_image_reader.cc(340)] could not read dos header from C:\WINDOWS\System32\ucrtbase.dll
[1002/171525.152:ERROR:process_memory_win.cc(73)] ReadMemory at 0x7ffacfa00000 of 64 bytes failed: Only part of a ReadProcessMemory or WriteProcessMemory request was completed. (0x12B)
[1002/171525.153:WARNING:pe_image_reader.cc(340)] could not read dos header from C:\WINDOWS\System32\combase.dll
[1002/171525.153:ERROR:process_memory_win.cc(73)] ReadMemory at 0x7ffacd9b0000 of 64 bytes failed: Only part of a ReadProcessMemory or WriteProcessMemory request was completed. (0x12B)
[1002/171525.153:WARNING:pe_image_reader.cc(340)] could not read dos header from C:\WINDOWS\System32\WINTRUST.dll
[1002/171525.153:ERROR:process_memory_win.cc(73)] ReadMemory at 0x7ffacd910000 of 64 bytes failed: Only part of a ReadProcessMemory or WriteProcessMemory request was completed. (0x12B)
[1002/171525.153:WARNING:pe_image_reader.cc(340)] could not read dos header from C:\WINDOWS\System32\MSASN1.dll
[1002/171525.153:ERROR:process_memory_win.cc(73)] ReadMemory at 0x7fface5c0000 of 64 bytes failed: Only part of a ReadProcessMemory or WriteProcessMemory request was completed. (0x12B)
[1002/171525.153:WARNING:pe_image_reader.cc(340)] could not read dos header from C:\WINDOWS\System32\CRYPT32.dll
[1002/171525.153:ERROR:process_memory_win.cc(73)] ReadMemory at 0x7ffacce00000 of 64 bytes failed: Only part of a ReadProcessMemory or WriteProcessMemory request was completed. (0x12B)
[1002/171525.153:WARNING:pe_image_reader.cc(340)] could not read dos header from C:\WINDOWS\SYSTEM32\IPHLPAPI.DLL
[1002/171525.153:ERROR:process_memory_win.cc(73)] ReadMemory at 0x7ffac3ff0000 of 64 bytes failed: Only part of a ReadProcessMemory or WriteProcessMemory request was completed. (0x12B)
[1002/171525.153:WARNING:pe_image_reader.cc(340)] could not read dos header from C:\WINDOWS\SYSTEM32\WINMM.dll
[1002/171525.153:ERROR:process_memory_win.cc(73)] ReadMemory at 0x7ffabf590000 of 64 bytes failed: Only part of a ReadProcessMemory or WriteProcessMemory request was completed. (0x12B)
[1002/171525.154:WARNING:pe_image_reader.cc(340)] could not read dos header from C:\WINDOWS\SYSTEM32\Secur32.dll
[1002/171525.154:ERROR:process_memory_win.cc(73)] ReadMemory at 0x7ffacd7d0000 of 64 bytes failed: Only part of a ReadProcessMemory or WriteProcessMemory request was completed. (0x12B)
[1002/171525.154:WARNING:pe_image_reader.cc(340)] could not read dos header from C:\WINDOWS\SYSTEM32\USERENV.dll
[1002/171525.154:ERROR:process_memory_win.cc(73)] ReadMemory at 0x7ffacd980000 of 64 bytes failed: Only part of a ReadProcessMemory or WriteProcessMemory request was completed. (0x12B)
[1002/171525.154:WARNING:pe_image_reader.cc(340)] could not read dos header from C:\WINDOWS\System32\profapi.dll
[1002/171525.154:ERROR:process_memory_win.cc(73)] ReadMemory at 0x7ffaac2b0000 of 64 bytes failed: Only part of a ReadProcessMemory or WriteProcessMemory request was completed. (0x12B)
[1002/171525.154:WARNING:pe_image_reader.cc(340)] could not read dos header from C:\WINDOWS\SYSTEM32\UIAutomationCore.DLL
[1002/171525.154:ERROR:process_memory_win.cc(73)] ReadMemory at 0x7ffac18c0000 of 64 bytes failed: Only part of a ReadProcessMemory or WriteProcessMemory request was completed. (0x12B)
[1002/171525.154:WARNING:pe_image_reader.cc(340)] could not read dos header from C:\WINDOWS\SYSTEM32\DWrite.dll
[1002/171525.154:ERROR:process_memory_win.cc(73)] ReadMemory at 0x7ffac13e0000 of 64 bytes failed: Only part of a ReadProcessMemory or WriteProcessMemory request was completed. (0x12B)
[1002/171525.154:WARNING:pe_image_reader.cc(340)] could not read dos header from C:\WINDOWS\SYSTEM32\WINSPOOL.DRV
[1002/171525.154:ERROR:process_memory_win.cc(73)] ReadMemory at 0x7ffacd8f0000 of 64 bytes failed: Only part of a ReadProcessMemory or WriteProcessMemory request was completed. (0x12B)
[1002/171525.155:WARNING:pe_image_reader.cc(340)] could not read dos header from C:\WINDOWS\System32\kernel.appcore.dll
[1002/171525.155:ERROR:process_memory_win.cc(73)] ReadMemory at 0x7ffacda90000 of 64 bytes failed: Only part of a ReadProcessMemory or WriteProcessMemory request was completed. (0x12B)
[1002/171525.155:WARNING:pe_image_reader.cc(340)] could not read dos header from C:\WINDOWS\System32\bcrypt.dll
[1002/171525.155:ERROR:process_memory_win.cc(73)] ReadMemory at 0x7ffacc070000 of 64 bytes failed: Only part of a ReadProcessMemory or WriteProcessMemory request was completed. (0x12B)
[1002/171525.155:WARNING:pe_image_reader.cc(340)] could not read dos header from C:\WINDOWS\SYSTEM32\dbghelp.dll
[1002/171525.156:ERROR:process_memory_win.cc(73)] ReadMemory at 0x7ffac6420000 of 64 bytes failed: Only part of a ReadProcessMemory or WriteProcessMemory request was completed. (0x12B)
[1002/171525.156:WARNING:pe_image_reader.cc(340)] could not read dos header from C:\WINDOWS\SYSTEM32\WINHTTP.dll
[1002/171525.156:ERROR:process_memory_win.cc(73)] ReadMemory at 0x7ffac5d70000 of 64 bytes failed: Only part of a ReadProcessMemory or WriteProcessMemory request was completed. (0x12B)
[1002/171525.157:WARNING:pe_image_reader.cc(340)] could not read dos header from C:\WINDOWS\SYSTEM32\dhcpcsvc.DLL
[1002/171525.157:ERROR:process_memory_win.cc(73)] ReadMemory at 0x7ffad0810000 of 64 bytes failed: Only part of a ReadProcessMemory or WriteProcessMemory request was completed. (0x12B)
[1002/171525.157:WARNING:pe_image_reader.cc(340)] could not read dos header from C:\WINDOWS\System32\NSI.dll
[1002/171525.157:ERROR:process_memory_win.cc(73)] ReadMemory at 0x7ffac3fc0000 of 64 bytes failed: Only part of a ReadProcessMemory or WriteProcessMemory request was completed. (0x12B)
[1002/171525.157:WARNING:pe_image_reader.cc(340)] could not read dos header from C:\WINDOWS\SYSTEM32\WINMMBASE.dll
[1002/171525.157:ERROR:process_memory_win.cc(73)] ReadMemory at 0x7ffacea80000 of 64 bytes failed: Only part of a ReadProcessMemory or WriteProcessMemory request was completed. (0x12B)
[1002/171525.157:WARNING:pe_image_reader.cc(340)] could not read dos header from C:\WINDOWS\System32\cfgmgr32.dll
[1002/171525.157:ERROR:process_memory_win.cc(73)] ReadMemory at 0x7ffac9e60000 of 64 bytes failed: Only part of a ReadProcessMemory or WriteProcessMemory request was completed. (0x12B)
[1002/171525.157:WARNING:pe_image_reader.cc(340)] could not read dos header from C:\WINDOWS\SYSTEM32\PROPSYS.dll
[1002/171525.157:ERROR:process_memory_win.cc(73)] ReadMemory at 0x7ffad0880000 of 64 bytes failed: Only part of a ReadProcessMemory or WriteProcessMemory request was completed. (0x12B)
[1002/171525.157:WARNING:pe_image_reader.cc(340)] could not read dos header from C:\WINDOWS\System32\shcore.dll
[1002/171525.157:ERROR:process_memory_win.cc(73)] ReadMemory at 0x7ffacd800000 of 64 bytes failed: Only part of a ReadProcessMemory or WriteProcessMemory request was completed. (0x12B)
[1002/171525.157:WARNING:pe_image_reader.cc(340)] could not read dos header from C:\WINDOWS\SYSTEM32\SSPICLI.DLL
[1002/171525.158:ERROR:process_memory_win.cc(73)] ReadMemory at 0x7ffacd2c0000 of 64 bytes failed: Only part of a ReadProcessMemory or WriteProcessMemory request was completed. (0x12B)
[1002/171525.158:WARNING:pe_image_reader.cc(340)] could not read dos header from C:\WINDOWS\SYSTEM32\CRYPTBASE.DLL
[1002/171525.158:ERROR:process_memory_win.cc(73)] ReadMemory at 0x7ff613130000 of 64 bytes failed: Only part of a ReadProcessMemory or WriteProcessMemory request was completed. (0x12B)
[1002/171525.158:WARNING:pe_image_reader.cc(340)] could not read dos header from C:\Program Files (x86)\Google\Chrome\Application\chrome.exe
[1002/171525.158:ERROR:process_memory_win.cc(73)] ReadMemory at 0x7ffad0a20000 of 64 bytes failed: Only part of a ReadProcessMemory or WriteProcessMemory request was completed. (0x12B)
[1002/171525.158:WARNING:pe_image_reader.cc(340)] could not read dos header from C:\WINDOWS\SYSTEM32\ntdll.dll
[1002/171525.158:ERROR:process_memory_win.cc(73)] ReadMemory at 0x7ffacf880000 of 64 bytes failed: Only part of a ReadProcessMemory or WriteProcessMemory request was completed. (0x12B)
[1002/171525.158:WARNING:pe_image_reader.cc(340)] could not read dos header from C:\WINDOWS\System32\KERNEL32.DLL
[1002/171525.158:ERROR:process_memory_win.cc(73)] ReadMemory at 0x7fface2f0000 of 64 bytes failed: Only part of a ReadProcessMemory or WriteProcessMemory request was completed. (0x12B)
[1002/171525.158:WARNING:pe_image_reader.cc(340)] could not read dos header from C:\WINDOWS\System32\KERNELBASE.dll
[1002/171525.235:ERROR:process_memory_win.cc(73)] ReadMemory at 0x7ffaa9780000 of 64 bytes failed: Only part of a ReadProcessMemory or WriteProcessMemory request was completed. (0x12B)
[1002/171525.235:WARNING:pe_image_reader.cc(340)] could not read dos header from C:\Program Files (x86)\Google\Chrome\Application\81.0.4044.138\chrome_elf.dll
[1002/171525.235:ERROR:process_memory_win.cc(73)] ReadMemory at 0x7ffac2e20000 of 64 bytes failed: Only part of a ReadProcessMemory or WriteProcessMemory request was completed. (0x12B)
[1002/171525.235:WARNING:pe_image_reader.cc(340)] could not read dos header from C:\WINDOWS\SYSTEM32\VERSION.dll
[1002/171525.235:ERROR:process_memory_win.cc(73)] ReadMemory at 0x7ffad0770000 of 64 bytes failed: Only part of a ReadProcessMemory or WriteProcessMemory request was completed. (0x12B)
[1002/171525.235:WARNING:pe_image_reader.cc(340)] could not read dos header from C:\WINDOWS\System32\msvcrt.dll
[1002/171525.235:ERROR:process_memory_win.cc(73)] ReadMemory at 0x7ffacda10000 of 64 bytes failed: Only part of a ReadProcessMemory or WriteProcessMemory request was completed. (0x12B)
[1002/171525.237:WARNING:pe_image_reader.cc(340)] could not read dos header from C:\WINDOWS\System32\bcryptPrimitives.dll
[1002/171525.237:ERROR:process_memory_win.cc(73)] ReadMemory at 0x7ffacfd40000 of 64 bytes failed: Only part of a ReadProcessMemory or WriteProcessMemory request was completed. (0x12B)
[1002/171525.237:WARNING:pe_image_reader.cc(340)] could not read dos header from C:\WINDOWS\System32\ADVAPI32.dll
[1002/171525.238:ERROR:process_memory_win.cc(73)] ReadMemory at 0x7ffacf960000 of 64 bytes failed: Only part of a ReadProcessMemory or WriteProcessMemory request was completed. (0x12B)
[1002/171525.238:WARNING:pe_image_reader.cc(340)] could not read dos header from C:\WINDOWS\System32\sechost.dll
[1002/171525.238:ERROR:process_memory_win.cc(73)] ReadMemory at 0x7ffad05d0000 of 64 bytes failed: Only part of a ReadProcessMemory or WriteProcessMemory request was completed. (0x12B)
[1002/171525.238:WARNING:pe_image_reader.cc(340)] could not read dos header from C:\WINDOWS\System32\RPCRT4.dll
[1002/171525.238:ERROR:process_memory_win.cc(73)] ReadMemory at 0x7ffa9b380000 of 64 bytes failed: Only part of a ReadProcessMemory or WriteProcessMemory request was completed. (0x12B)
[1002/171525.238:WARNING:pe_image_reader.cc(340)] could not read dos header from C:\Program Files (x86)\Google\Chrome\Application\81.0.4044.138\chrome.dll
[1002/171525.238:ERROR:process_memory_win.cc(73)] ReadMemory at 0x7ffacfe60000 of 64 bytes failed: Only part of a ReadProcessMemory or WriteProcessMemory request was completed. (0x12B)
[1002/171525.238:WARNING:pe_image_reader.cc(340)] could not read dos header from C:\WINDOWS\System32\WS2_32.dll
[1002/171525.238:ERROR:process_memory_win.cc(73)] ReadMemory at 0x7ffad0500000 of 64 bytes failed: Only part of a ReadProcessMemory or WriteProcessMemory request was completed. (0x12B)
[1002/171525.240:WARNING:pe_image_reader.cc(340)] could not read dos header from C:\WINDOWS\System32\OLEAUT32.dll
[1002/171525.240:ERROR:process_memory_win.cc(73)] ReadMemory at 0x7fface810000 of 64 bytes failed: Only part of a ReadProcessMemory or WriteProcessMemory request was completed. (0x12B)
[1002/171525.240:WARNING:pe_image_reader.cc(340)] could not read dos header from C:\WINDOWS\System32\msvcp_win.dll
[1002/171525.240:ERROR:process_memory_win.cc(73)] ReadMemory at 0x7fface710000 of 64 bytes failed: Only part of a ReadProcessMemory or WriteProcessMemory request was completed. (0x12B)
[1002/171525.240:WARNING:pe_image_reader.cc(340)] could not read dos header from C:\WINDOWS\System32\ucrtbase.dll
[1002/171525.240:ERROR:process_memory_win.cc(73)] ReadMemory at 0x7ffacfa00000 of 64 bytes failed: Only part of a ReadProcessMemory or WriteProcessMemory request was completed. (0x12B)
[1002/171525.240:WARNING:pe_image_reader.cc(340)] could not read dos header from C:\WINDOWS\System32\combase.dll
[1002/171525.241:ERROR:process_memory_win.cc(73)] ReadMemory at 0x7ffacd9b0000 of 64 bytes failed: Only part of a ReadProcessMemory or WriteProcessMemory request was completed. (0x12B)
[1002/171525.241:WARNING:pe_image_reader.cc(340)] could not read dos header from C:\WINDOWS\System32\WINTRUST.dll
[1002/171525.241:ERROR:process_memory_win.cc(73)] ReadMemory at 0x7ffacd910000 of 64 bytes failed: Only part of a ReadProcessMemory or WriteProcessMemory request was completed. (0x12B)
[1002/171525.241:WARNING:pe_image_reader.cc(340)] could not read dos header from C:\WINDOWS\System32\MSASN1.dll
[1002/171525.241:ERROR:process_memory_win.cc(73)] ReadMemory at 0x7fface5c0000 of 64 bytes failed: Only part of a ReadProcessMemory or WriteProcessMemory request was completed. (0x12B)
[1002/171525.241:WARNING:pe_image_reader.cc(340)] could not read dos header from C:\WINDOWS\System32\CRYPT32.dll
[1002/171525.241:ERROR:process_memory_win.cc(73)] ReadMemory at 0x7ffacce00000 of 64 bytes failed: Only part of a ReadProcessMemory or WriteProcessMemory request was completed. (0x12B)
[1002/171525.241:WARNING:pe_image_reader.cc(340)] could not read dos header from C:\WINDOWS\SYSTEM32\IPHLPAPI.DLL
[1002/171525.241:ERROR:process_memory_win.cc(73)] ReadMemory at 0x7ffac3ff0000 of 64 bytes failed: Only part of a ReadProcessMemory or WriteProcessMemory request was completed. (0x12B)
[1002/171525.241:WARNING:pe_image_reader.cc(340)] could not read dos header from C:\WINDOWS\SYSTEM32\WINMM.dll
[1002/171525.241:ERROR:process_memory_win.cc(73)] ReadMemory at 0x7ffabf590000 of 64 bytes failed: Only part of a ReadProcessMemory or WriteProcessMemory request was completed. (0x12B)
[1002/171525.241:WARNING:pe_image_reader.cc(340)] could not read dos header from C:\WINDOWS\SYSTEM32\Secur32.dll
[1002/171525.242:ERROR:process_memory_win.cc(73)] ReadMemory at 0x7ffacd7d0000 of 64 bytes failed: Only part of a ReadProcessMemory or WriteProcessMemory request was completed. (0x12B)
[1002/171525.242:WARNING:pe_image_reader.cc(340)] could not read dos header from C:\WINDOWS\SYSTEM32\USERENV.dll
[1002/171525.242:ERROR:process_memory_win.cc(73)] ReadMemory at 0x7ffacd980000 of 64 bytes failed: Only part of a ReadProcessMemory or WriteProcessMemory request was completed. (0x12B)
[1002/171525.242:WARNING:pe_image_reader.cc(340)] could not read dos header from C:\WINDOWS\System32\profapi.dll
[1002/171525.242:ERROR:process_memory_win.cc(73)] ReadMemory at 0x7ffaac2b0000 of 64 bytes failed: Only part of a ReadProcessMemory or WriteProcessMemory request was completed. (0x12B)
[1002/171525.242:WARNING:pe_image_reader.cc(340)] could not read dos header from C:\WINDOWS\SYSTEM32\UIAutomationCore.DLL
[1002/171525.242:ERROR:process_memory_win.cc(73)] ReadMemory at 0x7ffac18c0000 of 64 bytes failed: Only part of a ReadProcessMemory or WriteProcessMemory request was completed. (0x12B)
[1002/171525.242:WARNING:pe_image_reader.cc(340)] could not read dos header from C:\WINDOWS\SYSTEM32\DWrite.dll
[1002/171525.242:ERROR:process_memory_win.cc(73)] ReadMemory at 0x7ffac13e0000 of 64 bytes failed: Only part of a ReadProcessMemory or WriteProcessMemory request was completed. (0x12B)
[1002/171525.242:WARNING:pe_image_reader.cc(340)] could not read dos header from C:\WINDOWS\SYSTEM32\WINSPOOL.DRV
[1002/171525.242:ERROR:process_memory_win.cc(73)] ReadMemory at 0x7ffacd8f0000 of 64 bytes failed: Only part of a ReadProcessMemory or WriteProcessMemory request was completed. (0x12B)
[1002/171525.242:WARNING:pe_image_reader.cc(340)] could not read dos header from C:\WINDOWS\System32\kernel.appcore.dll
[1002/171525.243:ERROR:process_memory_win.cc(73)] ReadMemory at 0x7ffacda90000 of 64 bytes failed: Only part of a ReadProcessMemory or WriteProcessMemory request was completed. (0x12B)
[1002/171525.243:WARNING:pe_image_reader.cc(340)] could not read dos header from C:\WINDOWS\System32\bcrypt.dll
[1002/171525.243:ERROR:process_memory_win.cc(73)] ReadMemory at 0x7ffacc070000 of 64 bytes failed: Only part of a ReadProcessMemory or WriteProcessMemory request was completed. (0x12B)
[1002/171525.243:WARNING:pe_image_reader.cc(340)] could not read dos header from C:\WINDOWS\SYSTEM32\dbghelp.dll
[1002/171525.243:ERROR:process_memory_win.cc(73)] ReadMemory at 0x7ffac6420000 of 64 bytes failed: Only part of a ReadProcessMemory or WriteProcessMemory request was completed. (0x12B)
[1002/171525.243:WARNING:pe_image_reader.cc(340)] could not read dos header from C:\WINDOWS\SYSTEM32\WINHTTP.dll
[1002/171525.243:ERROR:process_memory_win.cc(73)] ReadMemory at 0x7ffac5d70000 of 64 bytes failed: Only part of a ReadProcessMemory or WriteProcessMemory request was completed. (0x12B)
[1002/171525.243:WARNING:pe_image_reader.cc(340)] could not read dos header from C:\WINDOWS\SYSTEM32\dhcpcsvc.DLL
[1002/171525.243:ERROR:process_memory_win.cc(73)] ReadMemory at 0x7ffad0810000 of 64 bytes failed: Only part of a ReadProcessMemory or WriteProcessMemory request was completed. (0x12B)
[1002/171525.243:WARNING:pe_image_reader.cc(340)] could not read dos header from C:\WINDOWS\System32\NSI.dll
[1002/171525.243:ERROR:process_memory_win.cc(73)] ReadMemory at 0x7ffac3fc0000 of 64 bytes failed: Only part of a ReadProcessMemory or WriteProcessMemory request was completed. (0x12B)
[1002/171525.244:WARNING:pe_image_reader.cc(340)] could not read dos header from C:\WINDOWS\SYSTEM32\WINMMBASE.dll
[1002/171525.244:ERROR:process_memory_win.cc(73)] ReadMemory at 0x7ffacea80000 of 64 bytes failed: Only part of a ReadProcessMemory or WriteProcessMemory request was completed. (0x12B)
[1002/171525.244:WARNING:pe_image_reader.cc(340)] could not read dos header from C:\WINDOWS\System32\cfgmgr32.dll
[1002/171525.244:ERROR:process_memory_win.cc(73)] ReadMemory at 0x7ffac9e60000 of 64 bytes failed: Only part of a ReadProcessMemory or WriteProcessMemory request was completed. (0x12B)
[1002/171525.244:WARNING:pe_image_reader.cc(340)] could not read dos header from C:\WINDOWS\SYSTEM32\PROPSYS.dll
[1002/171525.244:ERROR:process_memory_win.cc(73)] ReadMemory at 0x7ffad0880000 of 64 bytes failed: Only part of a ReadProcessMemory or WriteProcessMemory request was completed. (0x12B)
[1002/171525.244:WARNING:pe_image_reader.cc(340)] could not read dos header from C:\WINDOWS\System32\shcore.dll
[1002/171525.244:ERROR:process_memory_win.cc(73)] ReadMemory at 0x7ffacd800000 of 64 bytes failed: Only part of a ReadProcessMemory or WriteProcessMemory request was completed. (0x12B)
[1002/171525.244:WARNING:pe_image_reader.cc(340)] could not read dos header from C:\WINDOWS\SYSTEM32\SSPICLI.DLL
[1002/171525.244:ERROR:process_memory_win.cc(73)] ReadMemory at 0x7ffacd2c0000 of 64 bytes failed: Only part of a ReadProcessMemory or WriteProcessMemory request was completed. (0x12B)
[1002/171525.244:WARNING:pe_image_reader.cc(340)] could not read dos header from C:\WINDOWS\SYSTEM32\CRYPTBASE.DLL
[1002/171525.310:ERROR:process_memory_win.cc(73)] ReadMemory at 0xdc2d9f6000 of 40960 bytes failed: Only part of a ReadProcessMemory or WriteProcessMemory request was completed. (0x12B)
[1002/171525.310:ERROR:process_memory_win.cc(73)] ReadMemory at 0xdc2e1fd000 of 12288 bytes failed: Only part of a ReadProcessMemory or WriteProcessMemory request was completed. (0x12B)
[1002/171525.311:ERROR:process_memory_win.cc(73)] ReadMemory at 0xdc2e9f6000 of 40960 bytes failed: Only part of a ReadProcessMemory or WriteProcessMemory request was completed. (0x12B)
[1002/171525.311:ERROR:process_memory_win.cc(73)] ReadMemory at 0xdc2f1fc000 of 16384 bytes failed: Only part of a ReadProcessMemory or WriteProcessMemory request was completed. (0x12B)
[1002/171525.311:ERROR:process_memory_win.cc(73)] ReadMemory at 0xdc2f9fb000 of 20480 bytes failed: Only part of a ReadProcessMemory or WriteProcessMemory request was completed. (0x12B)
[1002/171525.312:ERROR:process_memory_win.cc(73)] ReadMemory at 0xdc301fe000 of 8192 bytes failed: Only part of a ReadProcessMemory or WriteProcessMemory request was completed. (0x12B)
[1002/171525.312:ERROR:process_memory_win.cc(73)] ReadMemory at 0xdc309fd000 of 12288 bytes failed: Only part of a ReadProcessMemory or WriteProcessMemory request was completed. (0x12B)
[1002/171525.313:ERROR:process_memory_win.cc(73)] ReadMemory at 0xdc311fb000 of 20480 bytes failed: Only part of a ReadProcessMemory or WriteProcessMemory request was completed. (0x12B)
[1002/171525.313:ERROR:process_memory_win.cc(73)] ReadMemory at 0xdc319fd000 of 12288 bytes failed: Only part of a ReadProcessMemory or WriteProcessMemory request was completed. (0x12B)
[1002/171525.313:ERROR:process_memory_win.cc(73)] ReadMemory at 0xdc321fd000 of 12288 bytes failed: Only part of a ReadProcessMemory or WriteProcessMemory request was completed. (0x12B)
[1002/171525.313:ERROR:process_memory_win.cc(73)] ReadMemory at 0xdc2d167000 of 852 bytes failed: Only part of a ReadProcessMemory or WriteProcessMemory request was completed. (0x12B)
[1002/171525.314:ERROR:process_memory_win.cc(73)] ReadMemory at 0xdc2d168000 of 6024 bytes failed: Only part of a ReadProcessMemory or WriteProcessMemory request was completed. (0x12B)
[1002/171525.314:ERROR:process_memory_win.cc(73)] ReadMemory at 0xdc2d16a000 of 6024 bytes failed: Only part of a ReadProcessMemory or WriteProcessMemory request was completed. (0x12B)
[1002/171525.314:ERROR:process_memory_win.cc(73)] ReadMemory at 0xdc2d16c000 of 6024 bytes failed: Only part of a ReadProcessMemory or WriteProcessMemory request was completed. (0x12B)
[1002/171525.314:ERROR:process_memory_win.cc(73)] ReadMemory at 0xdc2d16e000 of 6024 bytes failed: Only part of a ReadProcessMemory or WriteProcessMemory request was completed. (0x12B)
[1002/171525.314:ERROR:process_memory_win.cc(73)] ReadMemory at 0xdc2d170000 of 6024 bytes failed: Only part of a ReadProcessMemory or WriteProcessMemory request was completed. (0x12B)
[1002/171525.315:ERROR:process_memory_win.cc(73)] ReadMemory at 0xdc2d172000 of 6024 bytes failed: Only part of a ReadProcessMemory or WriteProcessMemory request was completed. (0x12B)
[1002/171525.315:ERROR:process_memory_win.cc(73)] ReadMemory at 0xdc2d174000 of 6024 bytes failed: Only part of a ReadProcessMemory or WriteProcessMemory request was completed. (0x12B)
[1002/171525.315:ERROR:process_memory_win.cc(73)] ReadMemory at 0xdc2d176000 of 6024 bytes failed: Only part of a ReadProcessMemory or WriteProcessMemory request was completed. (0x12B)
[1002/171525.315:ERROR:process_memory_win.cc(73)] ReadMemory at 0xdc2d178000 of 6024 bytes failed: Only part of a ReadProcessMemory or WriteProcessMemory request was completed. (0x12B)
[1002/171525.315:ERROR:process_memory_win.cc(73)] ReadMemory at 0xdc2d17a000 of 6024 bytes failed: Only part of a ReadProcessMemory or WriteProcessMemory request was completed. (0x12B)
[1002/171525.315:ERROR:process_memory_win.cc(73)] ReadMemory at 0x26f34530ee0 of 512 bytes failed: Only part of a ReadProcessMemory or WriteProcessMemory request was completed. (0x12B)
[1002/171525.316:ERROR:process_memory_win.cc(73)] ReadMemory at 0x26f34531d20 of 512 bytes failed: Only part of a ReadProcessMemory or WriteProcessMemory request was completed. (0x12B)
[1002/171525.316:ERROR:process_memory_win.cc(73)] ReadMemory at 0x26f34540750 of 80 bytes failed: Only part of a ReadProcessMemory or WriteProcessMemory request was completed. (0x12B)
[1002/171525.316:ERROR:process_memory_win.cc(73)] ReadMemory at 0x26f34540fe0 of 4092 bytes failed: Only part of a ReadProcessMemory or WriteProcessMemory request was completed. (0x12B)
[1002/171525.316:ERROR:process_memory_win.cc(73)] ReadMemory at 0x26f34541ff0 of 1012 bytes failed: Only part of a ReadProcessMemory or WriteProcessMemory request was completed. (0x12B)
[1002/171525.316:ERROR:process_memory_win.cc(73)] ReadMemory at 0x26f34542638 of 118 bytes failed: Only part of a ReadProcessMemory or WriteProcessMemory request was completed. (0x12B)
[1002/171525.316:ERROR:process_memory_win.cc(73)] ReadMemory at 0x26f345426b0 of 770 bytes failed: Only part of a ReadProcessMemory or WriteProcessMemory request was completed. (0x12B)
[1002/171525.317:ERROR:process_memory_win.cc(73)] ReadMemory at 0x26f345429b4 of 118 bytes failed: Only part of a ReadProcessMemory or WriteProcessMemory request was completed. (0x12B)
[1002/171525.317:ERROR:process_memory_win.cc(73)] ReadMemory at 0x26f34542a2c of 100 bytes failed: Only part of a ReadProcessMemory or WriteProcessMemory request was completed. (0x12B)
[1002/171525.317:ERROR:process_memory_win.cc(73)] ReadMemory at 0x26f34542aa0 of 58 bytes failed: Only part of a ReadProcessMemory or WriteProcessMemory request was completed. (0x12B)
[1002/171525.317:ERROR:process_memory_win.cc(73)] ReadMemory at 0x26f34542ba0 of 132 bytes failed: Only part of a ReadProcessMemory or WriteProcessMemory request was completed. (0x12B)
[1002/171525.317:ERROR:process_memory_win.cc(73)] ReadMemory at 0x26f34542d30 of 132 bytes failed: Only part of a ReadProcessMemory or WriteProcessMemory request was completed. (0x12B)
[1002/171525.318:ERROR:process_memory_win.cc(73)] ReadMemory at 0x26f34542ef0 of 126 bytes failed: Only part of a ReadProcessMemory or WriteProcessMemory request was completed. (0x12B)
[1002/171525.318:ERROR:process_memory_win.cc(73)] ReadMemory at 0x26f345432d0 of 132 bytes failed: Only part of a ReadProcessMemory or WriteProcessMemory request was completed. (0x12B)
[1002/171525.318:ERROR:process_memory_win.cc(73)] ReadMemory at 0x26f34543460 of 64 bytes failed: Only part of a ReadProcessMemory or WriteProcessMemory request was completed. (0x12B)
[1002/171525.318:ERROR:process_memory_win.cc(73)] ReadMemory at 0x26f34543620 of 132 bytes failed: Only part of a ReadProcessMemory or WriteProcessMemory request was completed. (0x12B)
[1002/171525.318:ERROR:process_memory_win.cc(73)] ReadMemory at 0x26f345438c0 of 132 bytes failed: Only part of a ReadProcessMemory or WriteProcessMemory request was completed. (0x12B)
[1002/171525.318:ERROR:process_memory_win.cc(73)] ReadMemory at 0x26f34543a50 of 68 bytes failed: Only part of a ReadProcessMemory or WriteProcessMemory request was completed. (0x12B)
[1002/171525.318:ERROR:process_memory_win.cc(73)] ReadMemory at 0x26f34544b20 of 132 bytes failed: Only part of a ReadProcessMemory or WriteProcessMemory request was completed. (0x12B)
[1002/171525.319:ERROR:process_memory_win.cc(73)] ReadMemory at 0x26f34544cb0 of 154 bytes failed: Only part of a ReadProcessMemory or WriteProcessMemory request was completed. (0x12B)
[1002/171525.319:ERROR:process_memory_win.cc(73)] ReadMemory at 0x26f34545a90 of 62 bytes failed: Only part of a ReadProcessMemory or WriteProcessMemory request was completed. (0x12B)
[1002/171525.319:ERROR:process_memory_win.cc(73)] ReadMemory at 0x26f34545ae0 of 132 bytes failed: Only part of a ReadProcessMemory or WriteProcessMemory request was completed. (0x12B)
[1002/171525.319:ERROR:process_memory_win.cc(73)] ReadMemory at 0x26f34545c80 of 132 bytes failed: Only part of a ReadProcessMemory or WriteProcessMemory request was completed. (0x12B)
[1002/171525.319:ERROR:process_memory_win.cc(73)] ReadMemory at 0x26f34545db0 of 60 bytes failed: Only part of a ReadProcessMemory or WriteProcessMemory request was completed. (0x12B)
[1002/171525.320:ERROR:process_memory_win.cc(73)] ReadMemory at 0x26f3454652c of 512 bytes failed: Only part of a ReadProcessMemory or WriteProcessMemory request was completed. (0x12B)
[1002/171525.320:ERROR:process_memory_win.cc(73)] ReadMemory at 0x26f34548090 of 132 bytes failed: Only part of a ReadProcessMemory or WriteProcessMemory request was completed. (0x12B)
[1002/171525.320:ERROR:process_memory_win.cc(73)] ReadMemory at 0x26f3454af90 of 64 bytes failed: Only part of a ReadProcessMemory or WriteProcessMemory request was completed. (0x12B)
[1002/171525.320:ERROR:process_memory_win.cc(73)] ReadMemory at 0x26f3454afe0 of 66 bytes failed: Only part of a ReadProcessMemory or WriteProcessMemory request was completed. (0x12B)
[1002/171525.320:ERROR:process_memory_win.cc(73)] ReadMemory at 0x26f3454b030 of 64 bytes failed: Only part of a ReadProcessMemory or WriteProcessMemory request was completed. (0x12B)
[1002/171525.320:ERROR:process_memory_win.cc(73)] ReadMemory at 0x26f3454b080 of 62 bytes failed: Only part of a ReadProcessMemory or WriteProcessMemory request was completed. (0x12B)
[1002/171525.320:ERROR:process_memory_win.cc(73)] ReadMemory at 0x26f3454b0d0 of 64 bytes failed: Only part of a ReadProcessMemory or WriteProcessMemory request was completed. (0x12B)
[1002/171525.321:ERROR:process_memory_win.cc(73)] ReadMemory at 0x26f3454b120 of 64 bytes failed: Only part of a ReadProcessMemory or WriteProcessMemory request was completed. (0x12B)
[1002/171525.321:ERROR:process_memory_win.cc(73)] ReadMemory at 0x26f3454b210 of 62 bytes failed: Only part of a ReadProcessMemory or WriteProcessMemory request was completed. (0x12B)
[1002/171525.321:ERROR:process_memory_win.cc(73)] ReadMemory at 0x26f3454b4e0 of 60 bytes failed: Only part of a ReadProcessMemory or WriteProcessMemory request was completed. (0x12B)
[1002/171525.321:ERROR:process_memory_win.cc(73)] ReadMemory at 0x26f3454b6c0 of 60 bytes failed: Only part of a ReadProcessMemory or WriteProcessMemory request was completed. (0x12B)
[1002/171525.321:ERROR:process_memory_win.cc(73)] ReadMemory at 0x26f3454b7a0 of 132 bytes failed: Only part of a ReadProcessMemory or WriteProcessMemory request was completed. (0x12B)
[1002/171525.321:ERROR:process_memory_win.cc(73)] ReadMemory at 0x26f3454b8d0 of 132 bytes failed: Only part of a ReadProcessMemory or WriteProcessMemory request was completed. (0x12B)
[1002/171525.471:ERROR:process_memory_win.cc(73)] ReadMemory at 0x26f3454ba00 of 132 bytes failed: Only part of a ReadProcessMemory or WriteProcessMemory request was completed. (0x12B)
[1002/171525.471:ERROR:process_memory_win.cc(73)] ReadMemory at 0x26f3454bb30 of 132 bytes failed: Only part of a ReadProcessMemory or WriteProcessMemory request was completed. (0x12B)
[1002/171525.471:ERROR:process_memory_win.cc(73)] ReadMemory at 0x26f3454bc60 of 132 bytes failed: Only part of a ReadProcessMemory or WriteProcessMemory request was completed. (0x12B)
[1002/171525.472:ERROR:process_memory_win.cc(73)] ReadMemory at 0x26f3454bd90 of 132 bytes failed: Only part of a ReadProcessMemory or WriteProcessMemory request was completed. (0x12B)
[1002/171525.472:ERROR:process_memory_win.cc(73)] ReadMemory at 0x26f3454bec0 of 132 bytes failed: Only part of a ReadProcessMemory or WriteProcessMemory request was completed. (0x12B)
[1002/171525.472:ERROR:process_memory_win.cc(73)] ReadMemory at 0x26f3454bff0 of 132 bytes failed: Only part of a ReadProcessMemory or WriteProcessMemory request was completed. (0x12B)
[1002/171525.472:ERROR:process_memory_win.cc(73)] ReadMemory at 0x26f3454c120 of 132 bytes failed: Only part of a ReadProcessMemory or WriteProcessMemory request was completed. (0x12B)
[1002/171525.472:ERROR:process_memory_win.cc(73)] ReadMemory at 0x26f3454c250 of 132 bytes failed: Only part of a ReadProcessMemory or WriteProcessMemory request was completed. (0x12B)
[1002/171525.473:ERROR:process_memory_win.cc(73)] ReadMemory at 0x26f3454c380 of 132 bytes failed: Only part of a ReadProcessMemory or WriteProcessMemory request was completed. (0x12B)
[1002/171525.473:ERROR:process_memory_win.cc(73)] ReadMemory at 0x26f3454c5e0 of 132 bytes failed: Only part of a ReadProcessMemory or WriteProcessMemory request was completed. (0x12B)
[1002/171525.473:ERROR:process_memory_win.cc(73)] ReadMemory at 0x26f3454cd10 of 76 bytes failed: Only part of a ReadProcessMemory or WriteProcessMemory request was completed. (0x12B)
[1002/171525.473:ERROR:process_memory_win.cc(73)] ReadMemory at 0x26f3454d2b0 of 80 bytes failed: Only part of a ReadProcessMemory or WriteProcessMemory request was completed. (0x12B)
[1002/171525.473:ERROR:process_memory_win.cc(73)] ReadMemory at 0x26f3454ea80 of 132 bytes failed: Only part of a ReadProcessMemory or WriteProcessMemory request was completed. (0x12B)
[1002/171525.473:ERROR:process_memory_win.cc(73)] ReadMemory at 0x26f3454ecb0 of 132 bytes failed: Only part of a ReadProcessMemory or WriteProcessMemory request was completed. (0x12B)
[1002/171525.473:ERROR:process_memory_win.cc(73)] ReadMemory at 0x26f3454eed0 of 132 bytes failed: Only part of a ReadProcessMemory or WriteProcessMemory request was completed. (0x12B)
[1002/171525.474:ERROR:process_memory_win.cc(73)] ReadMemory at 0x26f3454f370 of 132 bytes failed: Only part of a ReadProcessMemory or WriteProcessMemory request was completed. (0x12B)
[1002/171525.474:ERROR:process_memory_win.cc(73)] ReadMemory at 0x26f3454f4a0 of 146 bytes failed: Only part of a ReadProcessMemory or WriteProcessMemory request was completed. (0x12B)
[1002/171525.474:ERROR:process_memory_win.cc(73)] ReadMemory at 0x26f3454f940 of 132 bytes failed: Only part of a ReadProcessMemory or WriteProcessMemory request was completed. (0x12B)
[1002/171525.474:ERROR:process_memory_win.cc(73)] ReadMemory at 0x26f34551280 of 132 bytes failed: Only part of a ReadProcessMemory or WriteProcessMemory request was completed. (0x12B)
[1002/171525.475:ERROR:process_memory_win.cc(73)] ReadMemory at 0x26f345531c0 of 54 bytes failed: Only part of a ReadProcessMemory or WriteProcessMemory request was completed. (0x12B)
[1002/171525.475:ERROR:process_memory_win.cc(73)] ReadMemory at 0x26f34553f80 of 512 bytes failed: Only part of a ReadProcessMemory or WriteProcessMemory request was completed. (0x12B)
[1002/171525.475:ERROR:process_memory_win.cc(73)] ReadMemory at 0x26f34554230 of 132 bytes failed: Only part of a ReadProcessMemory or WriteProcessMemory request was completed. (0x12B)
[1002/171525.475:ERROR:process_memory_win.cc(73)] ReadMemory at 0x26f34554c50 of 132 bytes failed: Only part of a ReadProcessMemory or WriteProcessMemory request was completed. (0x12B)
[1002/171525.475:ERROR:process_memory_win.cc(73)] ReadMemory at 0x26f34555150 of 64 bytes failed: Only part of a ReadProcessMemory or WriteProcessMemory request was completed. (0x12B)
[1002/171525.475:ERROR:process_memory_win.cc(73)] ReadMemory at 0x26f345551a0 of 62 bytes failed: Only part of a ReadProcessMemory or WriteProcessMemory request was completed. (0x12B)
[1002/171525.476:ERROR:process_memory_win.cc(73)] ReadMemory at 0x26f34555650 of 62 bytes failed: Only part of a ReadProcessMemory or WriteProcessMemory request was completed. (0x12B)
[1002/171525.476:ERROR:process_memory_win.cc(73)] ReadMemory at 0x26f345556a0 of 64 bytes failed: Only part of a ReadProcessMemory or WriteProcessMemory request was completed. (0x12B)
[1002/171525.476:ERROR:process_memory_win.cc(73)] ReadMemory at 0x26f345556f0 of 66 bytes failed: Only part of a ReadProcessMemory or WriteProcessMemory request was completed. (0x12B)
[1002/171525.476:ERROR:process_memory_win.cc(73)] ReadMemory at 0x26f34555740 of 64 bytes failed: Only part of a ReadProcessMemory or WriteProcessMemory request was completed. (0x12B)
[1002/171525.476:ERROR:process_memory_win.cc(73)] ReadMemory at 0x26f34555830 of 62 bytes failed: Only part of a ReadProcessMemory or WriteProcessMemory request was completed. (0x12B)
[1002/171525.477:ERROR:process_memory_win.cc(73)] ReadMemory at 0x26f34555920 of 64 bytes failed: Only part of a ReadProcessMemory or WriteProcessMemory request was completed. (0x12B)
[1002/171525.477:ERROR:process_memory_win.cc(73)] ReadMemory at 0x26f345559c0 of 62 bytes failed: Only part of a ReadProcessMemory or WriteProcessMemory request was completed. (0x12B)
[1002/171525.477:ERROR:process_memory_win.cc(73)] ReadMemory at 0x26f34555b50 of 58 bytes failed: Only part of a ReadProcessMemory or WriteProcessMemory request was completed. (0x12B)
[1002/171525.477:ERROR:process_memory_win.cc(73)] ReadMemory at 0x26f34555ba0 of 60 bytes failed: Only part of a ReadProcessMemory or WriteProcessMemory request was completed. (0x12B)
[1002/171525.478:ERROR:process_memory_win.cc(73)] ReadMemory at 0x26f34555c40 of 62 bytes failed: Only part of a ReadProcessMemory or WriteProcessMemory request was completed. (0x12B)
[1002/171525.478:ERROR:process_memory_win.cc(73)] ReadMemory at 0x26f34555e20 of 60 bytes failed: Only part of a ReadProcessMemory or WriteProcessMemory request was completed. (0x12B)
[1002/171525.478:ERROR:process_memory_win.cc(73)] ReadMemory at 0x26f34555f10 of 60 bytes failed: Only part of a ReadProcessMemory or WriteProcessMemory request was completed. (0x12B)
[1002/171525.478:ERROR:process_memory_win.cc(73)] ReadMemory at 0x26f34555f60 of 62 bytes failed: Only part of a ReadProcessMemory or WriteProcessMemory request was completed. (0x12B)
[1002/171525.479:ERROR:process_memory_win.cc(73)] ReadMemory at 0x26f34556000 of 62 bytes failed: Only part of a ReadProcessMemory or WriteProcessMemory request was completed. (0x12B)
[1002/171525.479:ERROR:process_memory_win.cc(73)] ReadMemory at 0x26f34556050 of 60 bytes failed: Only part of a ReadProcessMemory or WriteProcessMemory request was completed. (0x12B)
[1002/171525.479:ERROR:process_memory_win.cc(73)] ReadMemory at 0x26f345560a0 of 62 bytes failed: Only part of a ReadProcessMemory or WriteProcessMemory request was completed. (0x12B)
[1002/171525.479:ERROR:process_memory_win.cc(73)] ReadMemory at 0x26f34556910 of 132 bytes failed: Only part of a ReadProcessMemory or WriteProcessMemory request was completed. (0x12B)
[1002/171525.479:ERROR:process_memory_win.cc(73)] ReadMemory at 0x26f34556b70 of 132 bytes failed: Only part of a ReadProcessMemory or WriteProcessMemory request was completed. (0x12B)
[1002/171525.480:ERROR:process_memory_win.cc(73)] ReadMemory at 0x26f34557030 of 132 bytes failed: Only part of a ReadProcessMemory or WriteProcessMemory request was completed. (0x12B)
[1002/171525.480:ERROR:process_memory_win.cc(73)] ReadMemory at 0x26f34557160 of 132 bytes failed: Only part of a ReadProcessMemory or WriteProcessMemory request was completed. (0x12B)
[1002/171525.480:ERROR:process_memory_win.cc(73)] ReadMemory at 0x26f345574f0 of 132 bytes failed: Only part of a ReadProcessMemory or WriteProcessMemory request was completed. (0x12B)
[1002/171525.480:ERROR:process_memory_win.cc(73)] ReadMemory at 0x26f34557620 of 132 bytes failed: Only part of a ReadProcessMemory or WriteProcessMemory request was completed. (0x12B)
[1002/171525.480:ERROR:process_memory_win.cc(73)] ReadMemory at 0x26f34557750 of 132 bytes failed: Only part of a ReadProcessMemory or WriteProcessMemory request was completed. (0x12B)
[1002/171525.480:ERROR:process_memory_win.cc(73)] ReadMemory at 0x26f34557e70 of 132 bytes failed: Only part of a ReadProcessMemory or WriteProcessMemory request was completed. (0x12B)
[1002/171525.481:ERROR:process_memory_win.cc(73)] ReadMemory at 0x26f34557fa0 of 132 bytes failed: Only part of a ReadProcessMemory or WriteProcessMemory request was completed. (0x12B)
[1002/171525.481:ERROR:process_memory_win.cc(73)] ReadMemory at 0x26f34558200 of 132 bytes failed: Only part of a ReadProcessMemory or WriteProcessMemory request was completed. (0x12B)
[1002/171525.481:ERROR:process_memory_win.cc(73)] ReadMemory at 0x26f34572530 of 512 bytes failed: Only part of a ReadProcessMemory or WriteProcessMemory request was completed. (0x12B)
[1002/171525.481:ERROR:process_memory_win.cc(73)] ReadMemory at 0x26f34a79010 of 512 bytes failed: Only part of a ReadProcessMemory or WriteProcessMemory request was completed. (0x12B)
[1002/171525.481:ERROR:process_memory_win.cc(73)] ReadMemory at 0x26f34a88e10 of 512 bytes failed: Only part of a ReadProcessMemory or WriteProcessMemory request was completed. (0x12B)
[1002/171525.482:ERROR:process_memory_win.cc(73)] ReadMemory at 0x26f34a8ef90 of 512 bytes failed: Only part of a ReadProcessMemory or WriteProcessMemory request was completed. (0x12B)
[1002/171525.482:ERROR:process_memory_win.cc(73)] ReadMemory at 0x26f34a97720 of 688 bytes failed: Only part of a ReadProcessMemory or WriteProcessMemory request was completed. (0x12B)
[1002/171525.483:ERROR:process_memory_win.cc(73)] ReadMemory at 0x26f34a9eeb0 of 512 bytes failed: Only part of a ReadProcessMemory or WriteProcessMemory request was completed. (0x12B)
[1002/171525.483:ERROR:process_memory_win.cc(73)] ReadMemory at 0x26f34ae2f70 of 512 bytes failed: Only part of a ReadProcessMemory or WriteProcessMemory request was completed. (0x12B)
[1002/171525.483:ERROR:process_memory_win.cc(73)] ReadMemory at 0x26f36218d00 of 512 bytes failed: Only part of a ReadProcessMemory or WriteProcessMemory request was completed. (0x12B)
[1002/171525.483:ERROR:process_memory_win.cc(73)] ReadMemory at 0x26f368e6b28 of 512 bytes failed: Only part of a ReadProcessMemory or WriteProcessMemory request was completed. (0x12B)
[1002/171525.484:ERROR:process_memory_win.cc(73)] ReadMemory at 0x4e434a0b6208 of 512 bytes failed: Only part of a ReadProcessMemory or WriteProcessMemory request was completed. (0x12B)
[1002/171525.484:ERROR:process_memory_win.cc(73)] ReadMemory at 0x7ffa9da87023 of 512 bytes failed: Only part of a ReadProcessMemory or WriteProcessMemory request was completed. (0x12B)
[1002/171525.484:ERROR:process_memory_win.cc(73)] ReadMemory at 0x7ffa9e855dbf of 512 bytes failed: Only part of a ReadProcessMemory or WriteProcessMemory request was completed. (0x12B)
[1002/171525.484:ERROR:process_memory_win.cc(73)] ReadMemory at 0x7ffaa29129c0 of 512 bytes failed: Only part of a ReadProcessMemory or WriteProcessMemory request was completed. (0x12B)
[1002/171525.484:ERROR:process_memory_win.cc(73)] ReadMemory at 0x7fface55c6e0 of 512 bytes failed: Only part of a ReadProcessMemory or WriteProcessMemory request was completed. (0x12B)
[1002/171525.485:ERROR:process_memory_win.cc(73)] ReadMemory at 0x7ffad0abc074 of 672 bytes failed: Only part of a ReadProcessMemory or WriteProcessMemory request was completed. (0x12B)
[1002/171525.486:ERROR:process_memory_win.cc(73)] ReadMemory at 0x7ffad0abc674 of 512 bytes failed: Only part of a ReadProcessMemory or WriteProcessMemory request was completed. (0x12B)
[1002/171525.486:ERROR:process_memory_win.cc(73)] ReadMemory at 0x7ffad0abf924 of 608 bytes failed: Only part of a ReadProcessMemory or WriteProcessMemory request was completed. (0x12B)
[1002/171525.486:ERROR:process_memory_win.cc(73)] ReadMemory at 0x7ffad0b4c428 of 18 bytes failed: Only part of a ReadProcessMemory or WriteProcessMemory request was completed. (0x12B)
[1002/171525.486:ERROR:process_memory_win.cc(73)] ReadMemory at 0x7ffad0b7f4f8 of 40 bytes failed: Only part of a ReadProcessMemory or WriteProcessMemory request was completed. (0x12B)
[1002/171525.487:ERROR:process_memory_win.cc(73)] ReadMemory at 0x7ffad0b7f978 of 48 bytes failed: Only part of a ReadProcessMemory or WriteProcessMemory request was completed. (0x12B)
[1002/171525.487:ERROR:process_memory_win.cc(73)] ReadMemory at 0x7ffad0b853c0 of 64 bytes failed: Only part of a ReadProcessMemory or WriteProcessMemory request was completed. (0x12B)
[1002/171529.369:ERROR:scoped_process_suspend.cc(40)] NtResumeProcess: An attempt was made to access an exiting process. (0xc000010a)
[1024/182609.705:ERROR:process_reader_win.cc(123)] NtOpenThread: {Access Denied} A process has requested access to an object, but has not been granted those access rights. (0xc0000022)
[1024/182609.824:ERROR:exception_snapshot_win.cc(98)] thread ID 3292 not found in process
[1024/182609.888:ERROR:process_reader_win.cc(151)] SuspendThread: Access is denied. (0x5)
[1024/182609.888:ERROR:process_reader_win.cc(123)] NtOpenThread: {Access Denied} A process has requested access to an object, but has not been granted those access rights. (0xc0000022)
[1024/182609.888:ERROR:exception_snapshot_win.cc(98)] thread ID 5696 not found in process
